<?xml version="1.0" encoding="UTF-8"?>
<testng-results ignored="0" total="1" passed="1" failed="0" skipped="0">
  <reporter-output>
  </reporter-output>
  <suite started-at="2024-02-21T12:10:08 IST" name="Suite" finished-at="2024-02-21T12:10:18 IST" duration-ms="9581">
    <groups>
    </groups>
    <test started-at="2024-02-21T12:10:08 IST" name="Test" finished-at="2024-02-21T12:10:18 IST" duration-ms="9581">
      <class name="TestCases.LoginTest">
        <test-method is-config="true" signature="setUpBrowser()[pri:0, instance:TestCases.LoginTest@176b75f7]" started-at="2024-02-21T12:10:09 IST" name="setUpBrowser" finished-at="2024-02-21T12:10:12 IST" duration-ms="3237" status="PASS">
          <reporter-output>
          </reporter-output>
        </test-method> <!-- setUpBrowser -->
        <test-method signature="loginToApplication(java.lang.String,java.lang.String)[pri:0, instance:TestCases.LoginTest@176b75f7]" started-at="2024-02-21T12:10:12 IST" name="loginToApplication" data-provider="LoginDetails" finished-at="2024-02-21T12:10:17 IST" duration-ms="5478" status="PASS">
          <params>
            <param index="0">
              <value>
                <![CDATA[ineuron@ineuron.ai]]>
              </value>
            </param>
            <param index="1">
              <value>
                <![CDATA[ineuron]]>
              </value>
            </param>
          </params>
          <reporter-output>
          </reporter-output>
        </test-method> <!-- loginToApplication -->
        <test-method is-config="true" signature="closeBrowser()[pri:0, instance:TestCases.LoginTest@176b75f7]" started-at="2024-02-21T12:10:18 IST" name="closeBrowser" finished-at="2024-02-21T12:10:18 IST" duration-ms="74" status="PASS">
          <reporter-output>
          </reporter-output>
        </test-method> <!-- closeBrowser -->
      </class> <!-- TestCases.LoginTest -->
    </test> <!-- Test -->
  </suite> <!-- Suite -->
</testng-results>
