<?xml version="1.0" encoding="UTF-8"?>
<testng-results ignored="0" total="1" passed="1" failed="0" skipped="0">
  <reporter-output>
  </reporter-output>
  <suite started-at="2024-02-21T12:01:31 IST" name="Suite" finished-at="2024-02-21T12:01:40 IST" duration-ms="9115">
    <groups>
    </groups>
    <test started-at="2024-02-21T12:01:31 IST" name="Test" finished-at="2024-02-21T12:01:40 IST" duration-ms="9115">
      <class name="TestCases.LoginTest">
        <test-method is-config="true" signature="setUpBrowser()[pri:0, instance:TestCases.LoginTest@3bd323e9]" started-at="2024-02-21T12:01:32 IST" name="setUpBrowser" finished-at="2024-02-21T12:01:35 IST" duration-ms="2806" status="PASS">
          <reporter-output>
          </reporter-output>
        </test-method> <!-- setUpBrowser -->
        <test-method signature="loginToApplication(java.lang.String,java.lang.String)[pri:0, instance:TestCases.LoginTest@3bd323e9]" started-at="2024-02-21T12:01:35 IST" name="loginToApplication" data-provider="LoginDetails" finished-at="2024-02-21T12:01:40 IST" duration-ms="5447" status="PASS">
          <params>
            <param index="0">
              <value>
                <![CDATA[ineuron@ineuron.ai]]>
              </value>
            </param>
            <param index="1">
              <value>
                <![CDATA[ineuron]]>
              </value>
            </param>
          </params>
          <reporter-output>
          </reporter-output>
        </test-method> <!-- loginToApplication -->
      </class> <!-- TestCases.LoginTest -->
    </test> <!-- Test -->
  </suite> <!-- Suite -->
</testng-results>
